#
# There is insufficient memory for the Java Runtime Environment to continue.
# Native memory allocation (malloc) failed to allocate 1753856 bytes. Error detail: Chunk::new
# Possible reasons:
#   The system is out of physical RAM or swap space
#   This process is running with CompressedOops enabled, and the Java Heap may be blocking the growth of the native heap
# Possible solutions:
#   Reduce memory load on the system
#   Increase physical memory or swap space
#   Check if swap backing store is full
#   Decrease Java heap size (-Xmx/-Xms)
#   Decrease number of Java threads
#   Decrease Java thread stack sizes (-Xss)
#   Set larger code cache with -XX:ReservedCodeCacheSize=
#   JVM is running with Unscaled Compressed Oops mode in which the Java heap is
#     placed in the first 4GB address space. The Java Heap base address is the
#     maximum limit for the native heap growth. Please use -XX:HeapBaseMinAddress
#     to set the Java Heap base and to place the Java Heap above 4GB virtual address.
# This output file may be truncated or incomplete.
#
#  Out of Memory Error (arena.cpp:191), pid=13720, tid=10792
#
# JRE version: OpenJDK Runtime Environment OpenLogic-OpenJDK (17.0.14+7) (build 17.0.14+7-adhoc..jdk17u)
# Java VM: OpenJDK 64-Bit Server VM OpenLogic-OpenJDK (17.0.14+7-adhoc..jdk17u, mixed mode, sharing, tiered, compressed oops, compressed class ptrs, g1 gc, windows-amd64)
# No core dump will be written. Minidumps are not enabled by default on client versions of Windows
#

---------------  S U M M A R Y ------------

Command Line: --add-opens=java.base/java.lang=ALL-UNNAMED --add-opens=java.base/java.lang.invoke=ALL-UNNAMED --add-opens=java.base/java.util=ALL-UNNAMED --add-opens=java.prefs/java.util.prefs=ALL-UNNAMED --add-exports=jdk.compiler/com.sun.tools.javac.api=ALL-UNNAMED --add-exports=jdk.compiler/com.sun.tools.javac.util=ALL-UNNAMED --add-opens=java.base/java.util=ALL-UNNAMED --add-opens=java.prefs/java.util.prefs=ALL-UNNAMED --add-opens=java.base/java.nio.charset=ALL-UNNAMED --add-opens=java.base/java.net=ALL-UNNAMED --add-opens=java.base/java.util.concurrent.atomic=ALL-UNNAMED --add-opens=java.xml/javax.xml.namespace=ALL-UNNAMED -XX:MaxMetaspaceSize=512m -Xmx2048m -Dfile.encoding=windows-1252 -Duser.country=IN -Duser.language=en -Duser.variant -javaagent:C:\Users\Pcc\.gradle\wrapper\dists\gradle-8.13-bin\5xuhj0ry160q40clulazy9h7d\gradle-8.13\lib\agents\gradle-instrumentation-agent-8.13.jar org.gradle.launcher.daemon.bootstrap.GradleDaemon 8.13

Host: Intel(R) Core(TM) i7-8665U CPU @ 1.90GHz, 8 cores, 15G,  Windows 11 , 64 bit Build 26100 (10.0.26100.3912)
Time: Mon May 19 12:59:59 2025 India Standard Time elapsed time: 285.369891 seconds (0d 0h 4m 45s)

---------------  T H R E A D  ---------------

Current thread (0x0000019ad923eef0):  JavaThread "C2 CompilerThread0" daemon [_thread_in_native, id=10792, stack(0x0000004e1c500000,0x0000004e1c600000)]


Current CompileTask:
C2: 285370 13211   !   4       org.gradle.internal.service.DefaultServiceRegistry$ManagedObjectServiceProvider::getInstance (47 bytes)

Stack: [0x0000004e1c500000,0x0000004e1c600000]
Native frames: (J=compiled Java code, j=interpreted, Vv=VM code, C=native code)
V  [jvm.dll+0x681069]
V  [jvm.dll+0x838cca]
V  [jvm.dll+0x83a78e]
V  [jvm.dll+0x83adf3]
V  [jvm.dll+0x24826f]
V  [jvm.dll+0xac9f4]
V  [jvm.dll+0xad03c]
V  [jvm.dll+0x367937]
V  [jvm.dll+0x1bd472]
V  [jvm.dll+0x21a909]
V  [jvm.dll+0x219bf1]
V  [jvm.dll+0x1a599d]
V  [jvm.dll+0x22994d]
V  [jvm.dll+0x227adc]
V  [jvm.dll+0x7edb77]
V  [jvm.dll+0x7e7f6c]
V  [jvm.dll+0x67ff37]
C  [ucrtbase.dll+0x37b0]
C  [KERNEL32.DLL+0x2e8d7]
C  [ntdll.dll+0x9c5dc]


---------------  P R O C E S S  ---------------

Threads class SMR info:
_java_thread_list=0x0000019afbcac170, length=50, elements={
0x0000019ab996eeb0, 0x0000019ad91e1630, 0x0000019ad91e2000, 0x0000019ad923a7c0,
0x0000019ad923d0a0, 0x0000019ad923d970, 0x0000019ad923e240, 0x0000019ad923eef0,
0x0000019ad92418c0, 0x0000019ad9264720, 0x0000019ad91ceed0, 0x0000019ad944dde0,
0x0000019af95f9d20, 0x0000019afa07a680, 0x0000019af99c5250, 0x0000019af9528b40,
0x0000019af952a9a0, 0x0000019af9528630, 0x0000019af952a490, 0x0000019afb6dc5a0,
0x0000019afb6db670, 0x0000019afb6dbb80, 0x0000019afc96e880, 0x0000019afc96d440,
0x0000019afb4e1cc0, 0x0000019afb4e3100, 0x0000019afda04e10, 0x0000019afda05320,
0x0000019afda06760, 0x0000019afda07180, 0x0000019afa509920, 0x0000019afa50d0d0,
0x0000019afb4e3610, 0x0000019afb4e21d0, 0x0000019afb4e17b0, 0x0000019afb4e0880,
0x0000019afb4e2bf0, 0x0000019afb4e26e0, 0x0000019afb4e3b20, 0x0000019afb4e0370,
0x0000019afb4e4030, 0x0000019afb4e4540, 0x0000019afb4e0d90, 0x0000019afb4e4a50,
0x0000019afb4e12a0, 0x0000019afb4e5470, 0x0000019afb4e4f60, 0x0000019afb4e68b0,
0x0000019afb4e5e90, 0x0000019afd7a88c0
}

Java Threads: ( => current thread )
  0x0000019ab996eeb0 JavaThread "main" [_thread_blocked, id=1824, stack(0x0000004e1b800000,0x0000004e1b900000)]
  0x0000019ad91e1630 JavaThread "Reference Handler" daemon [_thread_blocked, id=5668, stack(0x0000004e1bf00000,0x0000004e1c000000)]
  0x0000019ad91e2000 JavaThread "Finalizer" daemon [_thread_blocked, id=18720, stack(0x0000004e1c000000,0x0000004e1c100000)]
  0x0000019ad923a7c0 JavaThread "Signal Dispatcher" daemon [_thread_blocked, id=19136, stack(0x0000004e1c100000,0x0000004e1c200000)]
  0x0000019ad923d0a0 JavaThread "Attach Listener" daemon [_thread_blocked, id=332, stack(0x0000004e1c200000,0x0000004e1c300000)]
  0x0000019ad923d970 JavaThread "Service Thread" daemon [_thread_blocked, id=12972, stack(0x0000004e1c300000,0x0000004e1c400000)]
  0x0000019ad923e240 JavaThread "Monitor Deflation Thread" daemon [_thread_blocked, id=15068, stack(0x0000004e1c400000,0x0000004e1c500000)]
=>0x0000019ad923eef0 JavaThread "C2 CompilerThread0" daemon [_thread_in_native, id=10792, stack(0x0000004e1c500000,0x0000004e1c600000)]
  0x0000019ad92418c0 JavaThread "C1 CompilerThread0" daemon [_thread_blocked, id=5848, stack(0x0000004e1c600000,0x0000004e1c700000)]
  0x0000019ad9264720 JavaThread "Sweeper thread" daemon [_thread_blocked, id=14232, stack(0x0000004e1c700000,0x0000004e1c800000)]
  0x0000019ad91ceed0 JavaThread "Common-Cleaner" daemon [_thread_blocked, id=19744, stack(0x0000004e1c800000,0x0000004e1c900000)]
  0x0000019ad944dde0 JavaThread "Notification Thread" daemon [_thread_blocked, id=16376, stack(0x0000004e1ca00000,0x0000004e1cb00000)]
  0x0000019af95f9d20 JavaThread "Daemon health stats" [_thread_blocked, id=14852, stack(0x0000004e1cc00000,0x0000004e1cd00000)]
  0x0000019afa07a680 JavaThread "Incoming local TCP Connector on port 54141" [_thread_in_native, id=18924, stack(0x0000004e1c900000,0x0000004e1ca00000)]
  0x0000019af99c5250 JavaThread "Daemon periodic checks" [_thread_blocked, id=15796, stack(0x0000004e1d200000,0x0000004e1d300000)]
  0x0000019af9528b40 JavaThread "Cache worker for journal cache (C:\Users\Pcc\.gradle\caches\journal-1)" [_thread_blocked, id=19240, stack(0x0000004e1da00000,0x0000004e1db00000)]
  0x0000019af952a9a0 JavaThread "File lock request listener" [_thread_in_native, id=21264, stack(0x0000004e1db00000,0x0000004e1dc00000)]
  0x0000019af9528630 JavaThread "Cache worker for file hash cache (C:\Users\Pcc\.gradle\caches\8.13\fileHashes)" [_thread_blocked, id=9588, stack(0x0000004e1dd00000,0x0000004e1de00000)]
  0x0000019af952a490 JavaThread "File watcher server" daemon [_thread_in_native, id=9648, stack(0x0000004e1e400000,0x0000004e1e500000)]
  0x0000019afb6dc5a0 JavaThread "File watcher consumer" daemon [_thread_blocked, id=14352, stack(0x0000004e1e500000,0x0000004e1e600000)]
  0x0000019afb6db670 JavaThread "jar transforms" [_thread_blocked, id=11048, stack(0x0000004e1dc00000,0x0000004e1dd00000)]
  0x0000019afb6dbb80 JavaThread "Cache worker for file content cache (C:\Users\Pcc\.gradle\caches\8.13\fileContent)" [_thread_blocked, id=18264, stack(0x0000004e1e700000,0x0000004e1e800000)]
  0x0000019afc96e880 JavaThread "Memory manager" [_thread_blocked, id=14848, stack(0x0000004e20700000,0x0000004e20800000)]
  0x0000019afc96d440 JavaThread "ForkJoinPool.commonPool-worker-4" daemon [_thread_blocked, id=16912, stack(0x0000004e20f00000,0x0000004e21000000)]
  0x0000019afb4e1cc0 JavaThread "ForkJoinPool.commonPool-worker-5" daemon [_thread_blocked, id=16456, stack(0x0000004e21000000,0x0000004e21100000)]
  0x0000019afb4e3100 JavaThread "ForkJoinPool.commonPool-worker-7" daemon [_thread_blocked, id=16212, stack(0x0000004e21200000,0x0000004e21300000)]
  0x0000019afda04e10 JavaThread "RMI Scheduler(0)" daemon [_thread_blocked, id=13440, stack(0x0000004e20800000,0x0000004e20900000)]
  0x0000019afda05320 JavaThread "RMI GC Daemon" daemon [_thread_blocked, id=3096, stack(0x0000004e23500000,0x0000004e23600000)]
  0x0000019afda06760 JavaThread "RMI TCP Accept-0" daemon [_thread_in_native, id=8828, stack(0x0000004e23700000,0x0000004e23800000)]
  0x0000019afda07180 JavaThread "RMI Reaper" [_thread_blocked, id=3716, stack(0x0000004e23800000,0x0000004e23900000)]
  0x0000019afa509920 JavaThread "jar transforms Thread 2" [_thread_blocked, id=18216, stack(0x0000004e25600000,0x0000004e25700000)]
  0x0000019afa50d0d0 JavaThread "jar transforms Thread 3" [_thread_blocked, id=15284, stack(0x0000004e25a00000,0x0000004e25b00000)]
  0x0000019afb4e3610 JavaThread "Daemon Thread 2" [_thread_blocked, id=8552, stack(0x0000004e1b500000,0x0000004e1b600000)]
  0x0000019afb4e21d0 JavaThread "Handler for socket connection from /127.0.0.1:54141 to /127.0.0.1:54329" [_thread_in_native, id=15088, stack(0x0000004e1b600000,0x0000004e1b700000)]
  0x0000019afb4e17b0 JavaThread "Cancel handler" [_thread_blocked, id=15744, stack(0x0000004e1b700000,0x0000004e1b800000)]
  0x0000019afb4e0880 JavaThread "Daemon worker Thread 2" [_thread_in_native, id=20276, stack(0x0000004e1d300000,0x0000004e1d400000)]
  0x0000019afb4e2bf0 JavaThread "Asynchronous log dispatcher for DefaultDaemonConnection: socket connection from /127.0.0.1:54141 to /127.0.0.1:54329" [_thread_blocked, id=20796, stack(0x0000004e1d400000,0x0000004e1d500000)]
  0x0000019afb4e26e0 JavaThread "Stdin handler" [_thread_blocked, id=20392, stack(0x0000004e1d500000,0x0000004e1d600000)]
  0x0000019afb4e3b20 JavaThread "Daemon client event forwarder" [_thread_blocked, id=21340, stack(0x0000004e1d600000,0x0000004e1d700000)]
  0x0000019afb4e0370 JavaThread "Cache worker for file hash cache (C:\Users\Pcc\Documents\GitHub\Signyards-App\android\.gradle\8.13\fileHashes)" [_thread_blocked, id=17692, stack(0x0000004e1d700000,0x0000004e1d800000)]
  0x0000019afb4e4030 JavaThread "Cache worker for Build Output Cleanup Cache (C:\Users\Pcc\Documents\GitHub\Signyards-App\android\.gradle\buildOutputCleanup)" [_thread_blocked, id=16932, stack(0x0000004e1d800000,0x0000004e1d900000)]
  0x0000019afb4e4540 JavaThread "Cache worker for checksums cache (C:\Users\Pcc\Documents\GitHub\Signyards-App\android\.gradle\8.13\checksums)" [_thread_blocked, id=10748, stack(0x0000004e1de00000,0x0000004e1df00000)]
  0x0000019afb4e0d90 JavaThread "Cache worker for cache directory md-supplier (C:\Users\Pcc\.gradle\caches\8.13\md-supplier)" [_thread_blocked, id=3444, stack(0x0000004e1df00000,0x0000004e1e000000)]
  0x0000019afb4e4a50 JavaThread "Cache worker for cache directory md-rule (C:\Users\Pcc\.gradle\caches\8.13\md-rule)" [_thread_blocked, id=14916, stack(0x0000004e1e000000,0x0000004e1e100000)]
  0x0000019afb4e12a0 JavaThread "Cache worker for Build Output Cleanup Cache (C:\Users\Pcc\Documents\GitHub\Signyards-App\node_modules\@react-native\gradle-plugin\.gradle\buildOutputCleanup)" [_thread_blocked, id=19548, stack(0x0000004e1d900000,0x0000004e1da00000)]
  0x0000019afb4e5470 JavaThread "Unconstrained build operations" [_thread_blocked, id=9408, stack(0x0000004e1e600000,0x0000004e1e700000)]
  0x0000019afb4e4f60 JavaThread "Unconstrained build operations Thread 2" [_thread_blocked, id=9896, stack(0x0000004e1e800000,0x0000004e1e900000)]
  0x0000019afb4e68b0 JavaThread "Unconstrained build operations Thread 3" [_thread_blocked, id=18908, stack(0x0000004e1e900000,0x0000004e1ea00000)]
  0x0000019afb4e5e90 JavaThread "Unconstrained build operations Thread 4" [_thread_blocked, id=10672, stack(0x0000004e1ea00000,0x0000004e1eb00000)]
  0x0000019afd7a88c0 JavaThread "C2 CompilerThread1" daemon [_thread_in_native, id=21472, stack(0x0000004e1eb00000,0x0000004e1ec00000)]

Other Threads:
  0x0000019ad9232010 VMThread "VM Thread" [stack: 0x0000004e1be00000,0x0000004e1bf00000] [id=5952]
  0x0000019ab996fc40 WatcherThread [stack: 0x0000004e1cb00000,0x0000004e1cc00000] [id=8892]
  0x0000019ab99ccdd0 GCTaskThread "GC Thread#0" [stack: 0x0000004e1b900000,0x0000004e1ba00000] [id=19592]
  0x0000019ad993c5f0 GCTaskThread "GC Thread#1" [stack: 0x0000004e1cd00000,0x0000004e1ce00000] [id=18412]
  0x0000019ad993c8b0 GCTaskThread "GC Thread#2" [stack: 0x0000004e1ce00000,0x0000004e1cf00000] [id=4784]
  0x0000019ad993cb70 GCTaskThread "GC Thread#3" [stack: 0x0000004e1cf00000,0x0000004e1d000000] [id=15512]
  0x0000019ad993ce30 GCTaskThread "GC Thread#4" [stack: 0x0000004e1d000000,0x0000004e1d100000] [id=9144]
  0x0000019ad993d0f0 GCTaskThread "GC Thread#5" [stack: 0x0000004e1d100000,0x0000004e1d200000] [id=20160]
  0x0000019afb5d0030 GCTaskThread "GC Thread#6" [stack: 0x0000004e1e100000,0x0000004e1e200000] [id=20972]
  0x0000019afb5d05b0 GCTaskThread "GC Thread#7" [stack: 0x0000004e1e200000,0x0000004e1e300000] [id=20028]
  0x0000019ab99ddc30 ConcurrentGCThread "G1 Main Marker" [stack: 0x0000004e1ba00000,0x0000004e1bb00000] [id=15292]
  0x0000019ab99de560 ConcurrentGCThread "G1 Conc#0" [stack: 0x0000004e1bb00000,0x0000004e1bc00000] [id=17012]
  0x0000019afb5d02f0 ConcurrentGCThread "G1 Conc#1" [stack: 0x0000004e1e300000,0x0000004e1e400000] [id=16808]
  0x0000019ab9a1eb00 ConcurrentGCThread "G1 Refine#0" [stack: 0x0000004e1bc00000,0x0000004e1bd00000] [id=13220]
  0x0000019ad908d5d0 ConcurrentGCThread "G1 Service" [stack: 0x0000004e1bd00000,0x0000004e1be00000] [id=12128]

Threads with active compile tasks:
C2 CompilerThread0   285455 13211   !   4       org.gradle.internal.service.DefaultServiceRegistry$ManagedObjectServiceProvider::getInstance (47 bytes)
C2 CompilerThread1   285455 13356       4       java.io.File::<init> (111 bytes)

VM state: not at safepoint (normal execution)

VM Mutex/Monitor currently owned by a thread: None

Heap address: 0x0000000080000000, size: 2048 MB, Compressed Oops mode: 32-bit

CDS archive(s) mapped at: [0x0000019ada000000-0x0000019adabc0000-0x0000019adabc0000), size 12320768, SharedBaseAddress: 0x0000019ada000000, ArchiveRelocationMode: 1.
Compressed class space mapped at: 0x0000019adb000000-0x0000019af5000000, reserved size: 436207616
Narrow klass base: 0x0000019ada000000, Narrow klass shift: 0, Narrow klass range: 0x100000000

GC Precious Log:
 CPUs: 8 total, 8 available
 Memory: 16190M
 Large Page Support: Disabled
 NUMA Support: Disabled
 Compressed Oops: Enabled (32-bit)
 Heap Region Size: 1M
 Heap Min Capacity: 8M
 Heap Initial Capacity: 254M
 Heap Max Capacity: 2G
 Pre-touch: Disabled
 Parallel Workers: 8
 Concurrent Workers: 2
 Concurrent Refinement Workers: 8
 Periodic GC: Disabled

Heap:
 garbage-first heap   total 148480K, used 119848K [0x0000000080000000, 0x0000000100000000)
  region size 1024K, 36 young (36864K), 5 survivors (5120K)
 Metaspace       used 95701K, committed 96768K, reserved 557056K
  class space    used 13148K, committed 13696K, reserved 425984K

Heap Regions: E=young(eden), S=young(survivor), O=old, HS=humongous(starts), HC=humongous(continues), CS=collection set, F=free, OA=open archive, CA=closed archive, TAMS=top-at-mark-start (previous, next)
|   0|0x0000000080000000, 0x0000000080100000, 0x0000000080100000|100%|HS|  |TAMS 0x0000000080100000, 0x0000000080000000| Complete 
|   1|0x0000000080100000, 0x0000000080200000, 0x0000000080200000|100%|HC|  |TAMS 0x0000000080200000, 0x0000000080100000| Complete 
|   2|0x0000000080200000, 0x0000000080300000, 0x0000000080300000|100%|HC|  |TAMS 0x0000000080300000, 0x0000000080200000| Complete 
|   3|0x0000000080300000, 0x0000000080400000, 0x0000000080400000|100%| O|  |TAMS 0x0000000080300000, 0x0000000080300000| Untracked 
|   4|0x0000000080400000, 0x0000000080500000, 0x0000000080500000|100%| O|  |TAMS 0x0000000080500000, 0x0000000080400000| Untracked 
|   5|0x0000000080500000, 0x0000000080600000, 0x0000000080600000|100%| O|  |TAMS 0x0000000080600000, 0x0000000080500000| Untracked 
|   6|0x0000000080600000, 0x0000000080700000, 0x0000000080700000|100%|HS|  |TAMS 0x0000000080700000, 0x0000000080600000| Complete 
|   7|0x0000000080700000, 0x0000000080800000, 0x0000000080800000|100%| O|  |TAMS 0x0000000080800000, 0x0000000080700000| Untracked 
|   8|0x0000000080800000, 0x0000000080900000, 0x0000000080900000|100%| O|  |TAMS 0x0000000080900000, 0x0000000080800000| Untracked 
|   9|0x0000000080900000, 0x0000000080a00000, 0x0000000080a00000|100%| O|  |TAMS 0x0000000080a00000, 0x0000000080900000| Untracked 
|  10|0x0000000080a00000, 0x0000000080b00000, 0x0000000080b00000|100%| O|  |TAMS 0x0000000080b00000, 0x0000000080a00000| Untracked 
|  11|0x0000000080b00000, 0x0000000080c00000, 0x0000000080c00000|100%| O|  |TAMS 0x0000000080c00000, 0x0000000080b00000| Untracked 
|  12|0x0000000080c00000, 0x0000000080cd1400, 0x0000000080d00000| 81%| O|  |TAMS 0x0000000080cd1400, 0x0000000080c00000| Untracked 
|  13|0x0000000080d00000, 0x0000000080e00000, 0x0000000080e00000|100%| O|  |TAMS 0x0000000080e00000, 0x0000000080d00000| Untracked 
|  14|0x0000000080e00000, 0x0000000080f00000, 0x0000000080f00000|100%| O|  |TAMS 0x0000000080f00000, 0x0000000080e00000| Untracked 
|  15|0x0000000080f00000, 0x0000000081000000, 0x0000000081000000|100%| O|  |TAMS 0x0000000081000000, 0x0000000080f00000| Untracked 
|  16|0x0000000081000000, 0x0000000081100000, 0x0000000081100000|100%| O|  |TAMS 0x0000000081100000, 0x0000000081000000| Untracked 
|  17|0x0000000081100000, 0x0000000081200000, 0x0000000081200000|100%| O|  |TAMS 0x0000000081200000, 0x0000000081100000| Untracked 
|  18|0x0000000081200000, 0x0000000081300000, 0x0000000081300000|100%| O|  |TAMS 0x0000000081300000, 0x0000000081200000| Untracked 
|  19|0x0000000081300000, 0x0000000081400000, 0x0000000081400000|100%| O|  |TAMS 0x0000000081400000, 0x0000000081300000| Untracked 
|  20|0x0000000081400000, 0x0000000081500000, 0x0000000081500000|100%| O|  |TAMS 0x0000000081500000, 0x0000000081400000| Untracked 
|  21|0x0000000081500000, 0x0000000081600000, 0x0000000081600000|100%| O|  |TAMS 0x0000000081600000, 0x0000000081500000| Untracked 
|  22|0x0000000081600000, 0x0000000081700000, 0x0000000081700000|100%| O|  |TAMS 0x0000000081700000, 0x0000000081600000| Untracked 
|  23|0x0000000081700000, 0x0000000081800000, 0x0000000081800000|100%| O|  |TAMS 0x0000000081800000, 0x0000000081700000| Untracked 
|  24|0x0000000081800000, 0x0000000081900000, 0x0000000081900000|100%| O|  |TAMS 0x0000000081900000, 0x0000000081800000| Untracked 
|  25|0x0000000081900000, 0x0000000081a00000, 0x0000000081a00000|100%| O|  |TAMS 0x0000000081900000, 0x0000000081900000| Untracked 
|  26|0x0000000081a00000, 0x0000000081b00000, 0x0000000081b00000|100%| O|  |TAMS 0x0000000081b00000, 0x0000000081a00000| Untracked 
|  27|0x0000000081b00000, 0x0000000081c00000, 0x0000000081c00000|100%| O|  |TAMS 0x0000000081c00000, 0x0000000081b00000| Untracked 
|  28|0x0000000081c00000, 0x0000000081d00000, 0x0000000081d00000|100%| O|  |TAMS 0x0000000081d00000, 0x0000000081c00000| Untracked 
|  29|0x0000000081d00000, 0x0000000081e00000, 0x0000000081e00000|100%| O|  |TAMS 0x0000000081e00000, 0x0000000081d00000| Untracked 
|  30|0x0000000081e00000, 0x0000000081f00000, 0x0000000081f00000|100%| O|  |TAMS 0x0000000081f00000, 0x0000000081e00000| Untracked 
|  31|0x0000000081f00000, 0x0000000082000000, 0x0000000082000000|100%| O|  |TAMS 0x0000000082000000, 0x0000000081f00000| Untracked 
|  32|0x0000000082000000, 0x0000000082100000, 0x0000000082100000|100%| O|  |TAMS 0x0000000082100000, 0x0000000082000000| Untracked 
|  33|0x0000000082100000, 0x0000000082200000, 0x0000000082200000|100%| O|  |TAMS 0x0000000082200000, 0x0000000082100000| Untracked 
|  34|0x0000000082200000, 0x0000000082300000, 0x0000000082300000|100%| O|  |TAMS 0x0000000082300000, 0x0000000082200000| Untracked 
|  35|0x0000000082300000, 0x0000000082400000, 0x0000000082400000|100%| O|  |TAMS 0x0000000082400000, 0x0000000082300000| Untracked 
|  36|0x0000000082400000, 0x0000000082500000, 0x0000000082500000|100%| O|  |TAMS 0x0000000082500000, 0x0000000082400000| Untracked 
|  37|0x0000000082500000, 0x0000000082600000, 0x0000000082600000|100%| O|  |TAMS 0x0000000082600000, 0x0000000082500000| Untracked 
|  38|0x0000000082600000, 0x0000000082700000, 0x0000000082700000|100%| O|  |TAMS 0x0000000082700000, 0x0000000082600000| Untracked 
|  39|0x0000000082700000, 0x0000000082800000, 0x0000000082800000|100%| O|  |TAMS 0x0000000082800000, 0x0000000082700000| Untracked 
|  40|0x0000000082800000, 0x0000000082900000, 0x0000000082900000|100%| O|  |TAMS 0x0000000082900000, 0x0000000082800000| Untracked 
|  41|0x0000000082900000, 0x0000000082a00000, 0x0000000082a00000|100%| O|  |TAMS 0x0000000082a00000, 0x0000000082900000| Untracked 
|  42|0x0000000082a00000, 0x0000000082b00000, 0x0000000082b00000|100%| O|  |TAMS 0x0000000082b00000, 0x0000000082a00000| Untracked 
|  43|0x0000000082b00000, 0x0000000082c00000, 0x0000000082c00000|100%| O|  |TAMS 0x0000000082c00000, 0x0000000082b00000| Untracked 
|  44|0x0000000082c00000, 0x0000000082d00000, 0x0000000082d00000|100%| O|  |TAMS 0x0000000082d00000, 0x0000000082c00000| Untracked 
|  45|0x0000000082d00000, 0x0000000082e00000, 0x0000000082e00000|100%| O|  |TAMS 0x0000000082e00000, 0x0000000082d00000| Untracked 
|  46|0x0000000082e00000, 0x0000000082f00000, 0x0000000082f00000|100%| O|  |TAMS 0x0000000082f00000, 0x0000000082e00000| Untracked 
|  47|0x0000000082f00000, 0x0000000083000000, 0x0000000083000000|100%| O|  |TAMS 0x0000000083000000, 0x0000000082f00000| Untracked 
|  48|0x0000000083000000, 0x0000000083100000, 0x0000000083100000|100%| O|  |TAMS 0x0000000083100000, 0x0000000083000000| Untracked 
|  49|0x0000000083100000, 0x0000000083200000, 0x0000000083200000|100%|HS|  |TAMS 0x0000000083200000, 0x0000000083100000| Complete 
|  50|0x0000000083200000, 0x0000000083300000, 0x0000000083300000|100%|HC|  |TAMS 0x0000000083300000, 0x0000000083200000| Complete 
|  51|0x0000000083300000, 0x0000000083400000, 0x0000000083400000|100%|HS|  |TAMS 0x0000000083400000, 0x0000000083300000| Complete 
|  52|0x0000000083400000, 0x0000000083500000, 0x0000000083500000|100%|HC|  |TAMS 0x0000000083500000, 0x0000000083400000| Complete 
|  53|0x0000000083500000, 0x0000000083600000, 0x0000000083600000|100%|HC|  |TAMS 0x0000000083600000, 0x0000000083500000| Complete 
|  54|0x0000000083600000, 0x0000000083700000, 0x0000000083700000|100%|HS|  |TAMS 0x0000000083700000, 0x0000000083600000| Complete 
|  55|0x0000000083700000, 0x0000000083800000, 0x0000000083800000|100%|HC|  |TAMS 0x0000000083800000, 0x0000000083700000| Complete 
|  56|0x0000000083800000, 0x0000000083900000, 0x0000000083900000|100%| O|  |TAMS 0x0000000083900000, 0x0000000083800000| Untracked 
|  57|0x0000000083900000, 0x0000000083a00000, 0x0000000083a00000|100%| O|  |TAMS 0x0000000083a00000, 0x0000000083900000| Untracked 
|  58|0x0000000083a00000, 0x0000000083b00000, 0x0000000083b00000|100%| O|  |TAMS 0x0000000083b00000, 0x0000000083a00000| Untracked 
|  59|0x0000000083b00000, 0x0000000083c00000, 0x0000000083c00000|100%| O|  |TAMS 0x0000000083c00000, 0x0000000083b00000| Untracked 
|  60|0x0000000083c00000, 0x0000000083d00000, 0x0000000083d00000|100%|HS|  |TAMS 0x0000000083d00000, 0x0000000083c00000| Complete 
|  61|0x0000000083d00000, 0x0000000083e00000, 0x0000000083e00000|100%|HC|  |TAMS 0x0000000083e00000, 0x0000000083d00000| Complete 
|  62|0x0000000083e00000, 0x0000000083f00000, 0x0000000083f00000|100%|HC|  |TAMS 0x0000000083f00000, 0x0000000083e00000| Complete 
|  63|0x0000000083f00000, 0x0000000084000000, 0x0000000084000000|100%| O|  |TAMS 0x0000000084000000, 0x0000000083f00000| Untracked 
|  64|0x0000000084000000, 0x0000000084100000, 0x0000000084100000|100%| O|  |TAMS 0x0000000084065400, 0x0000000084000000| Untracked 
|  65|0x0000000084100000, 0x0000000084200000, 0x0000000084200000|100%| O|  |TAMS 0x0000000084100000, 0x0000000084100000| Untracked 
|  66|0x0000000084200000, 0x0000000084300000, 0x0000000084300000|100%| O|  |TAMS 0x0000000084200000, 0x0000000084200000| Untracked 
|  67|0x0000000084300000, 0x0000000084400000, 0x0000000084400000|100%| O|  |TAMS 0x0000000084300000, 0x0000000084300000| Untracked 
|  68|0x0000000084400000, 0x0000000084500000, 0x0000000084500000|100%| O|  |TAMS 0x0000000084400000, 0x0000000084400000| Untracked 
|  69|0x0000000084500000, 0x0000000084600000, 0x0000000084600000|100%| O|  |TAMS 0x0000000084500000, 0x0000000084500000| Untracked 
|  70|0x0000000084600000, 0x0000000084700000, 0x0000000084700000|100%| O|  |TAMS 0x0000000084600000, 0x0000000084600000| Untracked 
|  71|0x0000000084700000, 0x0000000084800000, 0x0000000084800000|100%| O|  |TAMS 0x0000000084700000, 0x0000000084700000| Untracked 
|  72|0x0000000084800000, 0x0000000084900000, 0x0000000084900000|100%| O|  |TAMS 0x0000000084800000, 0x0000000084800000| Untracked 
|  73|0x0000000084900000, 0x0000000084a00000, 0x0000000084a00000|100%| O|  |TAMS 0x0000000084900000, 0x0000000084900000| Untracked 
|  74|0x0000000084a00000, 0x0000000084b00000, 0x0000000084b00000|100%| O|  |TAMS 0x0000000084a00000, 0x0000000084a00000| Untracked 
|  75|0x0000000084b00000, 0x0000000084c00000, 0x0000000084c00000|100%| O|  |TAMS 0x0000000084b00000, 0x0000000084b00000| Untracked 
|  76|0x0000000084c00000, 0x0000000084d00000, 0x0000000084d00000|100%| O|  |TAMS 0x0000000084c00000, 0x0000000084c00000| Untracked 
|  77|0x0000000084d00000, 0x0000000084e00000, 0x0000000084e00000|100%| O|  |TAMS 0x0000000084d00000, 0x0000000084d00000| Untracked 
|  78|0x0000000084e00000, 0x0000000084f00000, 0x0000000084f00000|100%| O|  |TAMS 0x0000000084e00000, 0x0000000084e00000| Untracked 
|  79|0x0000000084f00000, 0x0000000085000000, 0x0000000085000000|100%| O|  |TAMS 0x0000000084f00000, 0x0000000084f00000| Untracked 
|  80|0x0000000085000000, 0x0000000085100000, 0x0000000085100000|100%| O|  |TAMS 0x0000000085000000, 0x0000000085000000| Untracked 
|  81|0x0000000085100000, 0x0000000085200000, 0x0000000085200000|100%| O|  |TAMS 0x0000000085100000, 0x0000000085100000| Untracked 
|  82|0x0000000085200000, 0x0000000085263200, 0x0000000085300000| 38%| O|  |TAMS 0x0000000085200000, 0x0000000085200000| Untracked 
|  83|0x0000000085300000, 0x0000000085300000, 0x0000000085400000|  0%| F|  |TAMS 0x0000000085300000, 0x0000000085300000| Untracked 
|  84|0x0000000085400000, 0x0000000085400000, 0x0000000085500000|  0%| F|  |TAMS 0x0000000085400000, 0x0000000085400000| Untracked 
|  85|0x0000000085500000, 0x0000000085500000, 0x0000000085600000|  0%| F|  |TAMS 0x0000000085500000, 0x0000000085500000| Untracked 
|  86|0x0000000085600000, 0x0000000085600000, 0x0000000085700000|  0%| F|  |TAMS 0x0000000085600000, 0x0000000085600000| Untracked 
|  87|0x0000000085700000, 0x0000000085700000, 0x0000000085800000|  0%| F|  |TAMS 0x0000000085700000, 0x0000000085700000| Untracked 
|  88|0x0000000085800000, 0x0000000085800000, 0x0000000085900000|  0%| F|  |TAMS 0x0000000085800000, 0x0000000085800000| Untracked 
|  89|0x0000000085900000, 0x0000000085900000, 0x0000000085a00000|  0%| F|  |TAMS 0x0000000085900000, 0x0000000085900000| Untracked 
|  90|0x0000000085a00000, 0x0000000085a00000, 0x0000000085b00000|  0%| F|  |TAMS 0x0000000085a00000, 0x0000000085a00000| Untracked 
|  91|0x0000000085b00000, 0x0000000085b00000, 0x0000000085c00000|  0%| F|  |TAMS 0x0000000085b00000, 0x0000000085b00000| Untracked 
|  92|0x0000000085c00000, 0x0000000085c00000, 0x0000000085d00000|  0%| F|  |TAMS 0x0000000085c00000, 0x0000000085c00000| Untracked 
|  93|0x0000000085d00000, 0x0000000085d00000, 0x0000000085e00000|  0%| F|  |TAMS 0x0000000085d00000, 0x0000000085d00000| Untracked 
|  94|0x0000000085e00000, 0x0000000085e00000, 0x0000000085f00000|  0%| F|  |TAMS 0x0000000085e00000, 0x0000000085e00000| Untracked 
|  95|0x0000000085f00000, 0x0000000085f00000, 0x0000000086000000|  0%| F|  |TAMS 0x0000000085f00000, 0x0000000085f00000| Untracked 
|  96|0x0000000086000000, 0x0000000086000000, 0x0000000086100000|  0%| F|  |TAMS 0x0000000086000000, 0x0000000086000000| Untracked 
|  97|0x0000000086100000, 0x0000000086100000, 0x0000000086200000|  0%| F|  |TAMS 0x0000000086100000, 0x0000000086100000| Untracked 
|  98|0x0000000086200000, 0x0000000086200000, 0x0000000086300000|  0%| F|  |TAMS 0x0000000086200000, 0x0000000086200000| Untracked 
|  99|0x0000000086300000, 0x0000000086300000, 0x0000000086400000|  0%| F|  |TAMS 0x0000000086300000, 0x0000000086300000| Untracked 
| 100|0x0000000086400000, 0x0000000086400000, 0x0000000086500000|  0%| F|  |TAMS 0x0000000086400000, 0x0000000086400000| Untracked 
| 101|0x0000000086500000, 0x0000000086500000, 0x0000000086600000|  0%| F|  |TAMS 0x0000000086500000, 0x0000000086500000| Untracked 
| 102|0x0000000086600000, 0x0000000086600000, 0x0000000086700000|  0%| F|  |TAMS 0x0000000086600000, 0x0000000086600000| Untracked 
| 103|0x0000000086700000, 0x00000000867d5b40, 0x0000000086800000| 83%| S|CS|TAMS 0x0000000086700000, 0x0000000086700000| Complete 
| 104|0x0000000086800000, 0x0000000086900000, 0x0000000086900000|100%| S|CS|TAMS 0x0000000086800000, 0x0000000086800000| Complete 
| 105|0x0000000086900000, 0x0000000086a00000, 0x0000000086a00000|100%| S|CS|TAMS 0x0000000086900000, 0x0000000086900000| Complete 
| 106|0x0000000086a00000, 0x0000000086b00000, 0x0000000086b00000|100%| S|CS|TAMS 0x0000000086a00000, 0x0000000086a00000| Complete 
| 107|0x0000000086b00000, 0x0000000086b00000, 0x0000000086c00000|  0%| F|  |TAMS 0x0000000086b00000, 0x0000000086b00000| Untracked 
| 108|0x0000000086c00000, 0x0000000086c00000, 0x0000000086d00000|  0%| F|  |TAMS 0x0000000086c00000, 0x0000000086c00000| Untracked 
| 109|0x0000000086d00000, 0x0000000086d00000, 0x0000000086e00000|  0%| F|  |TAMS 0x0000000086d00000, 0x0000000086d00000| Untracked 
| 110|0x0000000086e00000, 0x0000000086f00000, 0x0000000086f00000|100%| S|CS|TAMS 0x0000000086e00000, 0x0000000086e00000| Complete 
| 111|0x0000000086f00000, 0x0000000086f00000, 0x0000000087000000|  0%| F|  |TAMS 0x0000000086f00000, 0x0000000086f00000| Untracked 
| 112|0x0000000087000000, 0x0000000087000000, 0x0000000087100000|  0%| F|  |TAMS 0x0000000087000000, 0x0000000087000000| Untracked 
| 113|0x0000000087100000, 0x0000000087100000, 0x0000000087200000|  0%| F|  |TAMS 0x0000000087100000, 0x0000000087100000| Untracked 
| 114|0x0000000087200000, 0x0000000087270580, 0x0000000087300000| 43%| E|  |TAMS 0x0000000087200000, 0x0000000087200000| Complete 
| 115|0x0000000087300000, 0x0000000087400000, 0x0000000087400000|100%| E|CS|TAMS 0x0000000087300000, 0x0000000087300000| Complete 
| 116|0x0000000087400000, 0x0000000087500000, 0x0000000087500000|100%| E|CS|TAMS 0x0000000087400000, 0x0000000087400000| Complete 
| 117|0x0000000087500000, 0x0000000087600000, 0x0000000087600000|100%| E|CS|TAMS 0x0000000087500000, 0x0000000087500000| Complete 
| 118|0x0000000087600000, 0x0000000087700000, 0x0000000087700000|100%| E|CS|TAMS 0x0000000087600000, 0x0000000087600000| Complete 
| 119|0x0000000087700000, 0x0000000087800000, 0x0000000087800000|100%| E|CS|TAMS 0x0000000087700000, 0x0000000087700000| Complete 
| 120|0x0000000087800000, 0x0000000087900000, 0x0000000087900000|100%| E|CS|TAMS 0x0000000087800000, 0x0000000087800000| Complete 
| 121|0x0000000087900000, 0x0000000087a00000, 0x0000000087a00000|100%| E|CS|TAMS 0x0000000087900000, 0x0000000087900000| Complete 
| 122|0x0000000087a00000, 0x0000000087b00000, 0x0000000087b00000|100%| E|CS|TAMS 0x0000000087a00000, 0x0000000087a00000| Complete 
| 123|0x0000000087b00000, 0x0000000087c00000, 0x0000000087c00000|100%| E|CS|TAMS 0x0000000087b00000, 0x0000000087b00000| Complete 
| 124|0x0000000087c00000, 0x0000000087d00000, 0x0000000087d00000|100%| E|CS|TAMS 0x0000000087c00000, 0x0000000087c00000| Complete 
| 125|0x0000000087d00000, 0x0000000087e00000, 0x0000000087e00000|100%| E|CS|TAMS 0x0000000087d00000, 0x0000000087d00000| Complete 
| 126|0x0000000087e00000, 0x0000000087f00000, 0x0000000087f00000|100%| E|CS|TAMS 0x0000000087e00000, 0x0000000087e00000| Complete 
| 127|0x0000000087f00000, 0x0000000088000000, 0x0000000088000000|100%| E|CS|TAMS 0x0000000087f00000, 0x0000000087f00000| Complete 
| 128|0x0000000088000000, 0x0000000088100000, 0x0000000088100000|100%| E|CS|TAMS 0x0000000088000000, 0x0000000088000000| Complete 
| 129|0x0000000088100000, 0x0000000088200000, 0x0000000088200000|100%| E|CS|TAMS 0x0000000088100000, 0x0000000088100000| Complete 
| 130|0x0000000088200000, 0x0000000088300000, 0x0000000088300000|100%| E|CS|TAMS 0x0000000088200000, 0x0000000088200000| Complete 
| 131|0x0000000088300000, 0x0000000088400000, 0x0000000088400000|100%| E|CS|TAMS 0x0000000088300000, 0x0000000088300000| Complete 
| 132|0x0000000088400000, 0x0000000088500000, 0x0000000088500000|100%| E|CS|TAMS 0x0000000088400000, 0x0000000088400000| Complete 
| 133|0x0000000088500000, 0x0000000088600000, 0x0000000088600000|100%| E|CS|TAMS 0x0000000088500000, 0x0000000088500000| Complete 
| 134|0x0000000088600000, 0x0000000088700000, 0x0000000088700000|100%| E|CS|TAMS 0x0000000088600000, 0x0000000088600000| Complete 
| 135|0x0000000088700000, 0x0000000088800000, 0x0000000088800000|100%| E|CS|TAMS 0x0000000088700000, 0x0000000088700000| Complete 
| 136|0x0000000088800000, 0x0000000088900000, 0x0000000088900000|100%| E|CS|TAMS 0x0000000088800000, 0x0000000088800000| Complete 
| 137|0x0000000088900000, 0x0000000088a00000, 0x0000000088a00000|100%| E|CS|TAMS 0x0000000088900000, 0x0000000088900000| Complete 
| 138|0x0000000088a00000, 0x0000000088b00000, 0x0000000088b00000|100%| E|CS|TAMS 0x0000000088a00000, 0x0000000088a00000| Complete 
| 139|0x0000000088b00000, 0x0000000088c00000, 0x0000000088c00000|100%| E|CS|TAMS 0x0000000088b00000, 0x0000000088b00000| Complete 
| 140|0x0000000088c00000, 0x0000000088d00000, 0x0000000088d00000|100%| E|CS|TAMS 0x0000000088c00000, 0x0000000088c00000| Complete 
| 141|0x0000000088d00000, 0x0000000088e00000, 0x0000000088e00000|100%| E|CS|TAMS 0x0000000088d00000, 0x0000000088d00000| Complete 
| 142|0x0000000088e00000, 0x0000000088f00000, 0x0000000088f00000|100%| E|CS|TAMS 0x0000000088e00000, 0x0000000088e00000| Complete 
| 143|0x0000000088f00000, 0x0000000089000000, 0x0000000089000000|100%| E|CS|TAMS 0x0000000088f00000, 0x0000000088f00000| Complete 
| 253|0x000000008fd00000, 0x000000008fe00000, 0x000000008fe00000|100%| E|CS|TAMS 0x000000008fd00000, 0x000000008fd00000| Complete 

Card table byte_map: [0x0000019ad1f70000,0x0000019ad2370000] _byte_map_base: 0x0000019ad1b70000

Marking Bits (Prev, Next): (CMBitMap*) 0x0000019ab99cd300, (CMBitMap*) 0x0000019ab99cd340
 Prev Bits: [0x0000019ad2770000, 0x0000019ad4770000)
 Next Bits: [0x0000019ad4770000, 0x0000019ad6770000)

Polling page: 0x0000019ab78b0000

Metaspace:

Usage:
  Non-class:     80.62 MB used.
      Class:     12.84 MB used.
       Both:     93.46 MB used.

Virtual space:
  Non-class space:      128.00 MB reserved,      81.12 MB ( 63%) committed,  2 nodes.
      Class space:      416.00 MB reserved,      13.38 MB (  3%) committed,  1 nodes.
             Both:      544.00 MB reserved,      94.50 MB ( 17%) committed. 

Chunk freelists:
   Non-Class:  14.13 MB
       Class:  2.67 MB
        Both:  16.79 MB

MaxMetaspaceSize: 512.00 MB
CompressedClassSpaceSize: 416.00 MB
Initial GC threshold: 21.00 MB
Current GC threshold: 125.62 MB
CDS: on
MetaspaceReclaimPolicy: balanced
 - commit_granule_bytes: 65536.
 - commit_granule_words: 8192.
 - virtual_space_node_default_size: 8388608.
 - enlarge_chunks_in_place: 1.
 - new_chunks_are_fully_committed: 0.
 - uncommit_free_chunks: 1.
 - use_allocation_guard: 0.
 - handle_deallocations: 1.


Internal statistics:

num_allocs_failed_limit: 9.
num_arena_births: 1450.
num_arena_deaths: 2.
num_vsnodes_births: 3.
num_vsnodes_deaths: 0.
num_space_committed: 1512.
num_space_uncommitted: 0.
num_chunks_returned_to_freelist: 13.
num_chunks_taken_from_freelist: 5576.
num_chunk_merges: 9.
num_chunk_splits: 3519.
num_chunks_enlarged: 2158.
num_inconsistent_stats: 0.

CodeHeap 'non-profiled nmethods': size=120000Kb used=7297Kb max_used=7297Kb free=112702Kb
 bounds [0x0000019aca300000, 0x0000019acaa30000, 0x0000019ad1830000]
CodeHeap 'profiled nmethods': size=120000Kb used=23002Kb max_used=23002Kb free=96998Kb
 bounds [0x0000019ac2830000, 0x0000019ac3eb0000, 0x0000019ac9d60000]
CodeHeap 'non-nmethods': size=5760Kb used=2465Kb max_used=2570Kb free=3294Kb
 bounds [0x0000019ac9d60000, 0x0000019ac9ff0000, 0x0000019aca300000]
 total_blobs=12790 nmethods=11778 adapters=924
 compilation: enabled
              stopped_count=0, restarted_count=0
 full_count=0

Compilation events (20 events):
Event: 284.339 Thread 0x0000019ad92418c0 13309       3       org.gradle.api.internal.project.DefaultProject::projectPath (9 bytes)
Event: 284.340 Thread 0x0000019ad92418c0 nmethod 13309 0x0000019ac3e92290 code [0x0000019ac3e92440, 0x0000019ac3e926c8]
Event: 284.340 Thread 0x0000019ad92418c0 13310       3       org.gradle.api.internal.project.DefaultProject::identityPath (9 bytes)
Event: 284.340 Thread 0x0000019ad92418c0 nmethod 13310 0x0000019ac3e92810 code [0x0000019ac3e929c0, 0x0000019ac3e92c48]
Event: 284.340 Thread 0x0000019ad92418c0 13311       3       org.gradle.api.internal.DefaultNamedDomainObjectCollection$AbstractNamedDomainObjectProvider::<init> (20 bytes)
Event: 284.340 Thread 0x0000019afd7a88c0 nmethod 13306 0x0000019acaa1a590 code [0x0000019acaa1a720, 0x0000019acaa1a8e8]
Event: 284.340 Thread 0x0000019afd7a88c0 13307       4       org.gradle.internal.event.DefaultListenerManager$ExclusiveEventBroadcast::startDispatch (50 bytes)
Event: 284.341 Thread 0x0000019ad92418c0 nmethod 13311 0x0000019ac3e92d90 code [0x0000019ac3e92f40, 0x0000019ac3e93218]
Event: 284.343 Thread 0x0000019ad92418c0 13312       3       org.gradle.api.internal.collections.DefaultCollectionEventRegister$FilteredEventRegister::getDecorator (10 bytes)
Event: 284.343 Thread 0x0000019ad92418c0 nmethod 13312 0x0000019ac3e93310 code [0x0000019ac3e934c0, 0x0000019ac3e93688]
Event: 284.343 Thread 0x0000019ad92418c0 13313       3       org.gradle.api.internal.collections.CollectionFilter::filtered (10 bytes)
Event: 284.344 Thread 0x0000019ad92418c0 nmethod 13313 0x0000019ac3e93790 code [0x0000019ac3e93940, 0x0000019ac3e93c18]
Event: 284.344 Thread 0x0000019ad92418c0 13314       3       org.gradle.api.internal.collections.CollectionFilter$1::<init> (15 bytes)
Event: 284.344 Thread 0x0000019ad92418c0 nmethod 13314 0x0000019ac3e93d10 code [0x0000019ac3e93ec0, 0x0000019ac3e940d8]
Event: 284.494 Thread 0x0000019ad92418c0 13315       3       org.gradle.launcher.daemon.server.exec.DaemonConnectionBackedEventConsumer$ForwardEvents::moreMessagesToSend (35 bytes)
Event: 284.495 Thread 0x0000019ad92418c0 nmethod 13315 0x0000019ac3e94190 code [0x0000019ac3e94340, 0x0000019ac3e94608]
Event: 285.350 Thread 0x0000019ad92418c0 13316       3       com.google.common.collect.TransformedIterator::<init> (16 bytes)
Event: 285.351 Thread 0x0000019ad92418c0 nmethod 13316 0x0000019ac3e94710 code [0x0000019ac3e948e0, 0x0000019ac3e94d28]
Event: 285.351 Thread 0x0000019ad92418c0 13317       3       org.gradle.api.internal.DefaultDomainObjectCollection::doAddLater (17 bytes)
Event: 285.351 Thread 0x0000019ad92418c0 nmethod 13317 0x0000019ac3e94e90 code [0x0000019ac3e95040, 0x0000019ac3e953e8]

GC Heap History (20 events):
Event: 36.999 GC heap before
{Heap before GC invocations=33 (full 0):
 garbage-first heap   total 109568K, used 67207K [0x0000000080000000, 0x0000000100000000)
  region size 1024K, 5 young (5120K), 3 survivors (3072K)
 Metaspace       used 75351K, committed 76096K, reserved 491520K
  class space    used 10537K, committed 10880K, reserved 425984K
}
Event: 37.006 GC heap after
{Heap after GC invocations=34 (full 0):
 garbage-first heap   total 109568K, used 64994K [0x0000000080000000, 0x0000000100000000)
  region size 1024K, 1 young (1024K), 1 survivors (1024K)
 Metaspace       used 75351K, committed 76096K, reserved 491520K
  class space    used 10537K, committed 10880K, reserved 425984K
}
Event: 37.777 GC heap before
{Heap before GC invocations=34 (full 0):
 garbage-first heap   total 109568K, used 88546K [0x0000000080000000, 0x0000000100000000)
  region size 1024K, 25 young (25600K), 1 survivors (1024K)
 Metaspace       used 76495K, committed 77184K, reserved 557056K
  class space    used 10717K, committed 11008K, reserved 425984K
}
Event: 37.783 GC heap after
{Heap after GC invocations=35 (full 0):
 garbage-first heap   total 148480K, used 67080K [0x0000000080000000, 0x0000000100000000)
  region size 1024K, 3 young (3072K), 3 survivors (3072K)
 Metaspace       used 76495K, committed 77184K, reserved 557056K
  class space    used 10717K, committed 11008K, reserved 425984K
}
Event: 39.981 GC heap before
{Heap before GC invocations=36 (full 0):
 garbage-first heap   total 148480K, used 114184K [0x0000000080000000, 0x0000000100000000)
  region size 1024K, 50 young (51200K), 3 survivors (3072K)
 Metaspace       used 78651K, committed 79488K, reserved 557056K
  class space    used 10995K, committed 11392K, reserved 425984K
}
Event: 40.003 GC heap after
{Heap after GC invocations=37 (full 0):
 garbage-first heap   total 148480K, used 71041K [0x0000000080000000, 0x0000000100000000)
  region size 1024K, 7 young (7168K), 7 survivors (7168K)
 Metaspace       used 78651K, committed 79488K, reserved 557056K
  class space    used 10995K, committed 11392K, reserved 425984K
}
Event: 40.035 GC heap before
{Heap before GC invocations=37 (full 0):
 garbage-first heap   total 148480K, used 72065K [0x0000000080000000, 0x0000000100000000)
  region size 1024K, 8 young (8192K), 7 survivors (7168K)
 Metaspace       used 78742K, committed 79552K, reserved 557056K
  class space    used 11010K, committed 11392K, reserved 425984K
}
Event: 40.045 GC heap after
{Heap after GC invocations=38 (full 0):
 garbage-first heap   total 148480K, used 71657K [0x0000000080000000, 0x0000000100000000)
  region size 1024K, 1 young (1024K), 1 survivors (1024K)
 Metaspace       used 78742K, committed 79552K, reserved 557056K
  class space    used 11010K, committed 11392K, reserved 425984K
}
Event: 41.629 GC heap before
{Heap before GC invocations=38 (full 0):
 garbage-first heap   total 148480K, used 116713K [0x0000000080000000, 0x0000000100000000)
  region size 1024K, 45 young (46080K), 1 survivors (1024K)
 Metaspace       used 81988K, committed 82880K, reserved 557056K
  class space    used 11484K, committed 11904K, reserved 425984K
}
Event: 41.638 GC heap after
{Heap after GC invocations=39 (full 0):
 garbage-first heap   total 148480K, used 74092K [0x0000000080000000, 0x0000000100000000)
  region size 1024K, 4 young (4096K), 4 survivors (4096K)
 Metaspace       used 81988K, committed 82880K, reserved 557056K
  class space    used 11484K, committed 11904K, reserved 425984K
}
Event: 43.088 GC heap before
{Heap before GC invocations=39 (full 0):
 garbage-first heap   total 148480K, used 117100K [0x0000000080000000, 0x0000000100000000)
  region size 1024K, 47 young (48128K), 4 survivors (4096K)
 Metaspace       used 85485K, committed 86400K, reserved 557056K
  class space    used 11977K, committed 12416K, reserved 425984K
}
Event: 43.101 GC heap after
{Heap after GC invocations=40 (full 0):
 garbage-first heap   total 148480K, used 78730K [0x0000000080000000, 0x0000000100000000)
  region size 1024K, 5 young (5120K), 5 survivors (5120K)
 Metaspace       used 85485K, committed 86400K, reserved 557056K
  class space    used 11977K, committed 12416K, reserved 425984K
}
Event: 64.299 GC heap before
{Heap before GC invocations=40 (full 0):
 garbage-first heap   total 148480K, used 119690K [0x0000000080000000, 0x0000000100000000)
  region size 1024K, 44 young (45056K), 5 survivors (5120K)
 Metaspace       used 90687K, committed 91584K, reserved 557056K
  class space    used 12557K, committed 12992K, reserved 425984K
}
Event: 64.310 GC heap after
{Heap after GC invocations=41 (full 0):
 garbage-first heap   total 148480K, used 81669K [0x0000000080000000, 0x0000000100000000)
  region size 1024K, 3 young (3072K), 3 survivors (3072K)
 Metaspace       used 90687K, committed 91584K, reserved 557056K
  class space    used 12557K, committed 12992K, reserved 425984K
}
Event: 78.791 GC heap before
{Heap before GC invocations=41 (full 0):
 garbage-first heap   total 148480K, used 119557K [0x0000000080000000, 0x0000000100000000)
  region size 1024K, 41 young (41984K), 3 survivors (3072K)
 Metaspace       used 93231K, committed 94144K, reserved 557056K
  class space    used 12871K, committed 13312K, reserved 425984K
}
Event: 78.799 GC heap after
{Heap after GC invocations=42 (full 0):
 garbage-first heap   total 148480K, used 84292K [0x0000000080000000, 0x0000000100000000)
  region size 1024K, 6 young (6144K), 6 survivors (6144K)
 Metaspace       used 93231K, committed 94144K, reserved 557056K
  class space    used 12871K, committed 13312K, reserved 425984K
}
Event: 79.556 GC heap before
{Heap before GC invocations=42 (full 0):
 garbage-first heap   total 148480K, used 120132K [0x0000000080000000, 0x0000000100000000)
  region size 1024K, 41 young (41984K), 6 survivors (6144K)
 Metaspace       used 93918K, committed 94976K, reserved 557056K
  class space    used 12949K, committed 13504K, reserved 425984K
}
Event: 79.568 GC heap after
{Heap after GC invocations=43 (full 0):
 garbage-first heap   total 148480K, used 87047K [0x0000000080000000, 0x0000000100000000)
  region size 1024K, 3 young (3072K), 3 survivors (3072K)
 Metaspace       used 93918K, committed 94976K, reserved 557056K
  class space    used 12949K, committed 13504K, reserved 425984K
}
Event: 249.305 GC heap before
{Heap before GC invocations=43 (full 0):
 garbage-first heap   total 148480K, used 121863K [0x0000000080000000, 0x0000000100000000)
  region size 1024K, 37 young (37888K), 3 survivors (3072K)
 Metaspace       used 95458K, committed 96512K, reserved 557056K
  class space    used 13130K, committed 13632K, reserved 425984K
}
Event: 249.312 GC heap after
{Heap after GC invocations=44 (full 0):
 garbage-first heap   total 148480K, used 89128K [0x0000000080000000, 0x0000000100000000)
  region size 1024K, 5 young (5120K), 5 survivors (5120K)
 Metaspace       used 95458K, committed 96512K, reserved 557056K
  class space    used 13130K, committed 13632K, reserved 425984K
}

Dll operation events (16 events):
Event: 0.025 Loaded shared library C:\Program Files\OpenLogic\jdk-17.0.14.7-hotspot\bin\java.dll
Event: 0.073 Loaded shared library C:\Program Files\OpenLogic\jdk-17.0.14.7-hotspot\bin\jsvml.dll
Event: 0.286 Loaded shared library C:\Program Files\OpenLogic\jdk-17.0.14.7-hotspot\bin\zip.dll
Event: 0.296 Loaded shared library C:\Program Files\OpenLogic\jdk-17.0.14.7-hotspot\bin\instrument.dll
Event: 0.312 Loaded shared library C:\Program Files\OpenLogic\jdk-17.0.14.7-hotspot\bin\net.dll
Event: 0.317 Loaded shared library C:\Program Files\OpenLogic\jdk-17.0.14.7-hotspot\bin\nio.dll
Event: 0.322 Loaded shared library C:\Program Files\OpenLogic\jdk-17.0.14.7-hotspot\bin\zip.dll
Event: 1.384 Loaded shared library C:\Program Files\OpenLogic\jdk-17.0.14.7-hotspot\bin\jimage.dll
Event: 1.972 Loaded shared library C:\Program Files\OpenLogic\jdk-17.0.14.7-hotspot\bin\verify.dll
Event: 2.272 Loaded shared library C:\Users\Pcc\.gradle\native\1def1411415f61bf3af743bc5b6707747c0891f09f0c88961ee8f79bc544acac\windows-amd64\native-platform.dll
Event: 2.332 Loaded shared library C:\Users\Pcc\.gradle\native\0.2.7\x86_64-windows-gnu\gradle-fileevents.dll
Event: 6.184 Loaded shared library C:\Program Files\OpenLogic\jdk-17.0.14.7-hotspot\bin\management.dll
Event: 6.189 Loaded shared library C:\Program Files\OpenLogic\jdk-17.0.14.7-hotspot\bin\management_ext.dll
Event: 6.863 Loaded shared library C:\Program Files\OpenLogic\jdk-17.0.14.7-hotspot\bin\extnet.dll
Event: 7.661 Loaded shared library C:\Program Files\OpenLogic\jdk-17.0.14.7-hotspot\bin\sunmscapi.dll
Event: 44.757 Loaded shared library C:\Program Files\OpenLogic\jdk-17.0.14.7-hotspot\bin\rmi.dll

Deoptimization events (20 events):
Event: 282.943 Thread 0x0000019afb4e0880 DEOPT PACKING pc=0x0000019aca9eb044 sp=0x0000004e1d3fae80
Event: 282.943 Thread 0x0000019afb4e0880 DEOPT UNPACKING pc=0x0000019ac9db69a3 sp=0x0000004e1d3fae28 mode 2
Event: 282.943 Thread 0x0000019afb4e0880 Uncommon trap: trap_request=0xffffffde fr.pc=0x0000019aca9eb044 relative=0x00000000000003c4
Event: 282.943 Thread 0x0000019afb4e0880 Uncommon trap: reason=class_check action=maybe_recompile pc=0x0000019aca9eb044 method=java.util.stream.ReferencePipeline$7$1.accept(Ljava/lang/Object;)V @ 68 c2
Event: 282.943 Thread 0x0000019afb4e0880 DEOPT PACKING pc=0x0000019aca9eb044 sp=0x0000004e1d3fae80
Event: 282.943 Thread 0x0000019afb4e0880 DEOPT UNPACKING pc=0x0000019ac9db69a3 sp=0x0000004e1d3fae28 mode 2
Event: 283.015 Thread 0x0000019afb4e0880 DEOPT PACKING pc=0x0000019ac3b4b155 sp=0x0000004e1d3f8a10
Event: 283.015 Thread 0x0000019afb4e0880 DEOPT UNPACKING pc=0x0000019ac9db7143 sp=0x0000004e1d3f7f48 mode 0
Event: 283.280 Thread 0x0000019afb4e0880 Uncommon trap: trap_request=0xffffffc6 fr.pc=0x0000019aca6fa3cc relative=0x00000000000007ec
Event: 283.280 Thread 0x0000019afb4e0880 Uncommon trap: reason=bimorphic_or_optimized_type_check action=maybe_recompile pc=0x0000019aca6fa3cc method=java.util.stream.MatchOps$MatchOp.evaluateSequential(Ljava/util/stream/PipelineHelper;Ljava/util/Spliterator;)Ljava/lang/Boolean; @ 14 c2
Event: 283.280 Thread 0x0000019afb4e0880 DEOPT PACKING pc=0x0000019aca6fa3cc sp=0x0000004e1d3f7e80
Event: 283.280 Thread 0x0000019afb4e0880 DEOPT UNPACKING pc=0x0000019ac9db69a3 sp=0x0000004e1d3f7db8 mode 2
Event: 284.284 Thread 0x0000019afb4e0880 Uncommon trap: trap_request=0xffffffc6 fr.pc=0x0000019aca4d809c relative=0x000000000000025c
Event: 284.284 Thread 0x0000019afb4e0880 Uncommon trap: reason=bimorphic_or_optimized_type_check action=maybe_recompile pc=0x0000019aca4d809c method=java.util.Spliterators$IteratorSpliterator.tryAdvance(Ljava/util/function/Consumer;)Z @ 50 c2
Event: 284.284 Thread 0x0000019afb4e0880 DEOPT PACKING pc=0x0000019aca4d809c sp=0x0000004e1d3f8950
Event: 284.285 Thread 0x0000019afb4e0880 DEOPT UNPACKING pc=0x0000019ac9db69a3 sp=0x0000004e1d3f88f0 mode 2
Event: 284.312 Thread 0x0000019afb4e0880 Uncommon trap: trap_request=0xffffff76 fr.pc=0x0000019acaa18f28 relative=0x00000000000003e8
Event: 284.312 Thread 0x0000019afb4e0880 Uncommon trap: reason=predicate action=maybe_recompile pc=0x0000019acaa18f28 method=java.util.AbstractCollection.toArray([Ljava/lang/Object;)[Ljava/lang/Object; @ 43 c2
Event: 284.313 Thread 0x0000019afb4e0880 DEOPT PACKING pc=0x0000019acaa18f28 sp=0x0000004e1d3f89b0
Event: 284.313 Thread 0x0000019afb4e0880 DEOPT UNPACKING pc=0x0000019ac9db69a3 sp=0x0000004e1d3f8948 mode 2

Classes loaded (20 events):
Event: 104.760 Loading class java/lang/StackStreamFactory$1
Event: 104.760 Loading class java/lang/StackStreamFactory$1 done
Event: 104.760 Loading class java/lang/StackStreamFactory$StackFrameTraverser$StackFrameBuffer
Event: 104.760 Loading class java/lang/StackStreamFactory$FrameBuffer
Event: 104.760 Loading class java/lang/StackStreamFactory$FrameBuffer done
Event: 104.760 Loading class java/lang/StackStreamFactory$StackFrameTraverser$StackFrameBuffer done
Event: 104.761 Loading class java/util/stream/SliceOps
Event: 104.763 Loading class java/util/stream/SliceOps done
Event: 104.763 Loading class java/util/stream/SliceOps$1
Event: 104.764 Loading class java/util/stream/SliceOps$1 done
Event: 104.766 Loading class java/util/stream/SliceOps$1$1
Event: 104.766 Loading class java/util/stream/SliceOps$1$1 done
Event: 282.783 Loading class jdk/internal/math/FormattedFloatingDecimal$Form
Event: 282.787 Loading class jdk/internal/math/FormattedFloatingDecimal$Form done
Event: 282.787 Loading class jdk/internal/math/FormattedFloatingDecimal
Event: 282.788 Loading class jdk/internal/math/FormattedFloatingDecimal done
Event: 282.789 Loading class jdk/internal/math/FormattedFloatingDecimal$1
Event: 282.789 Loading class jdk/internal/math/FormattedFloatingDecimal$1 done
Event: 282.789 Loading class jdk/internal/math/FormattedFloatingDecimal$2
Event: 282.789 Loading class jdk/internal/math/FormattedFloatingDecimal$2 done

Classes unloaded (3 events):
Event: 29.473 Thread 0x0000019ad9232010 Unloading class 0x0000019adb530be8 '_BuildScript_$_run_closure2'
Event: 29.473 Thread 0x0000019ad9232010 Unloading class 0x0000019adb530800 '_BuildScript_$_run_closure1'
Event: 29.473 Thread 0x0000019ad9232010 Unloading class 0x0000019adb528800 '_BuildScript_'

Classes redefined (0 events):
No events

Internal exceptions (20 events):
Event: 95.218 Thread 0x0000019af9fbb860 Exception <a 'java/io/IOException'{0x00000000873171e0}: Connection reset by peer> (0x00000000873171e0) 
thrown [s\src\hotspot\share\prims\jni.cpp, line 535]
Event: 95.218 Thread 0x0000019af9fbb860 Exception <a 'java/io/IOException'{0x0000000087318ba0}: Connection reset by peer> (0x0000000087318ba0) 
thrown [s\src\hotspot\share\prims\jni.cpp, line 535]
Event: 95.218 Thread 0x0000019af9fbb860 Exception <a 'java/io/IOException'{0x000000008731a2b8}: Connection reset by peer> (0x000000008731a2b8) 
thrown [s\src\hotspot\share\prims\jni.cpp, line 535]
Event: 95.218 Thread 0x0000019af9fbb860 Exception <a 'java/io/IOException'{0x000000008731b480}: Connection reset by peer> (0x000000008731b480) 
thrown [s\src\hotspot\share\prims\jni.cpp, line 535]
Event: 95.224 Thread 0x0000019af9fbb860 Exception <a 'java/io/IOException'{0x000000008734f040}: Connection reset by peer> (0x000000008734f040) 
thrown [s\src\hotspot\share\prims\jni.cpp, line 535]
Event: 95.226 Thread 0x0000019af9fbb860 Exception <a 'java/io/IOException'{0x00000000873547c0}: Connection reset by peer> (0x00000000873547c0) 
thrown [s\src\hotspot\share\prims\jni.cpp, line 535]
Event: 95.240 Thread 0x0000019afa50a850 Exception <a 'sun/nio/fs/WindowsException'{0x00000000873e3858}> (0x00000000873e3858) 
thrown [s\src\hotspot\share\prims\jni.cpp, line 516]
Event: 95.241 Thread 0x0000019afa50a850 Exception <a 'sun/nio/fs/WindowsException'{0x00000000873ec7b0}> (0x00000000873ec7b0) 
thrown [s\src\hotspot\share\prims\jni.cpp, line 516]
Event: 95.242 Thread 0x0000019afa50a850 Exception <a 'sun/nio/fs/WindowsException'{0x00000000873f0908}> (0x00000000873f0908) 
thrown [s\src\hotspot\share\prims\jni.cpp, line 516]
Event: 283.020 Thread 0x0000019afb4e0880 Exception <a 'sun/nio/fs/WindowsException'{0x0000000088e46428}> (0x0000000088e46428) 
thrown [s\src\hotspot\share\prims\jni.cpp, line 516]
Event: 283.021 Thread 0x0000019afb4e0880 Exception <a 'sun/nio/fs/WindowsException'{0x0000000088e478d0}> (0x0000000088e478d0) 
thrown [s\src\hotspot\share\prims\jni.cpp, line 516]
Event: 283.023 Thread 0x0000019afb4e0880 Exception <a 'sun/nio/fs/WindowsException'{0x0000000088e48d68}> (0x0000000088e48d68) 
thrown [s\src\hotspot\share\prims\jni.cpp, line 516]
Event: 283.024 Thread 0x0000019afb4e0880 Exception <a 'sun/nio/fs/WindowsException'{0x0000000088e4a200}> (0x0000000088e4a200) 
thrown [s\src\hotspot\share\prims\jni.cpp, line 516]
Event: 283.383 Thread 0x0000019afb4e0880 Exception <a 'sun/nio/fs/WindowsException'{0x0000000088d2fb08}> (0x0000000088d2fb08) 
thrown [s\src\hotspot\share\prims\jni.cpp, line 516]
Event: 283.392 Thread 0x0000019afb4e0880 Exception <a 'sun/nio/fs/WindowsException'{0x0000000088d31500}> (0x0000000088d31500) 
thrown [s\src\hotspot\share\prims\jni.cpp, line 516]
Event: 283.393 Thread 0x0000019afb4e0880 Exception <a 'sun/nio/fs/WindowsException'{0x0000000088d32ee8}> (0x0000000088d32ee8) 
thrown [s\src\hotspot\share\prims\jni.cpp, line 516]
Event: 283.397 Thread 0x0000019afb4e0880 Exception <a 'sun/nio/fs/WindowsException'{0x0000000088d348d0}> (0x0000000088d348d0) 
thrown [s\src\hotspot\share\prims\jni.cpp, line 516]
Event: 284.282 Thread 0x0000019afb4e0880 Exception <a 'sun/nio/fs/WindowsException'{0x00000000876bb6c0}> (0x00000000876bb6c0) 
thrown [s\src\hotspot\share\prims\jni.cpp, line 516]
Event: 284.283 Thread 0x0000019afb4e0880 Exception <a 'sun/nio/fs/WindowsException'{0x00000000876bd2e0}> (0x00000000876bd2e0) 
thrown [s\src\hotspot\share\prims\jni.cpp, line 516]
Event: 284.283 Thread 0x0000019afb4e0880 Exception <a 'sun/nio/fs/WindowsException'{0x00000000876bfe40}> (0x00000000876bfe40) 
thrown [s\src\hotspot\share\prims\jni.cpp, line 516]

VM Operations (20 events):
Event: 226.339 Executing VM operation: Cleanup
Event: 226.339 Executing VM operation: Cleanup done
Event: 228.339 Executing VM operation: Cleanup
Event: 228.339 Executing VM operation: Cleanup done
Event: 231.340 Executing VM operation: Cleanup
Event: 231.341 Executing VM operation: Cleanup done
Event: 248.350 Executing VM operation: Cleanup
Event: 248.350 Executing VM operation: Cleanup done
Event: 249.304 Executing VM operation: G1CollectForAllocation
Event: 249.312 Executing VM operation: G1CollectForAllocation done
Event: 251.312 Executing VM operation: Cleanup
Event: 251.312 Executing VM operation: Cleanup done
Event: 265.319 Executing VM operation: Cleanup
Event: 265.319 Executing VM operation: Cleanup done
Event: 283.330 Executing VM operation: Cleanup
Event: 283.330 Executing VM operation: Cleanup done
Event: 284.331 Executing VM operation: Cleanup
Event: 284.331 Executing VM operation: Cleanup done
Event: 285.332 Executing VM operation: Cleanup
Event: 285.332 Executing VM operation: Cleanup done

Memory protections (0 events):
No events

Nmethod flushes (20 events):
Event: 41.715 Thread 0x0000019ad9264720 flushing  nmethod 0x0000019ac356af10
Event: 41.715 Thread 0x0000019ad9264720 flushing  nmethod 0x0000019ac356b990
Event: 41.715 Thread 0x0000019ad9264720 flushing  nmethod 0x0000019ac35a0b10
Event: 41.715 Thread 0x0000019ad9264720 flushing  nmethod 0x0000019ac35c1210
Event: 41.715 Thread 0x0000019ad9264720 flushing  nmethod 0x0000019ac35e0610
Event: 41.715 Thread 0x0000019ad9264720 flushing  nmethod 0x0000019ac35e1e10
Event: 41.716 Thread 0x0000019ad9264720 flushing  nmethod 0x0000019ac35eb910
Event: 41.716 Thread 0x0000019ad9264720 flushing  nmethod 0x0000019ac35ebf90
Event: 41.716 Thread 0x0000019ad9264720 flushing  nmethod 0x0000019ac35edf90
Event: 41.716 Thread 0x0000019ad9264720 flushing  nmethod 0x0000019ac361d310
Event: 41.716 Thread 0x0000019ad9264720 flushing  nmethod 0x0000019ac3630c90
Event: 41.716 Thread 0x0000019ad9264720 flushing  nmethod 0x0000019ac36b4010
Event: 41.717 Thread 0x0000019ad9264720 flushing  nmethod 0x0000019ac36eb790
Event: 41.717 Thread 0x0000019ad9264720 flushing  nmethod 0x0000019ac3702190
Event: 41.717 Thread 0x0000019ad9264720 flushing  nmethod 0x0000019ac3703290
Event: 41.717 Thread 0x0000019ad9264720 flushing  nmethod 0x0000019ac377aa90
Event: 41.718 Thread 0x0000019ad9264720 flushing  nmethod 0x0000019ac386a490
Event: 41.718 Thread 0x0000019ad9264720 flushing  nmethod 0x0000019ac3870790
Event: 80.507 Thread 0x0000019ad9264720 flushing  nmethod 0x0000019aca522110
Event: 80.524 Thread 0x0000019ad9264720 flushing  nmethod 0x0000019ac2fd7290

Events (20 events):
Event: 282.410 Thread 0x0000019afa07a680 Thread added: 0x0000019afb4e3610
Event: 282.413 Thread 0x0000019afb4e3610 Thread added: 0x0000019afb4e21d0
Event: 282.655 Thread 0x0000019afb4e3610 Thread added: 0x0000019afb4e17b0
Event: 282.725 Thread 0x0000019afb4e3610 Thread added: 0x0000019afb4e0880
Event: 282.782 Thread 0x0000019afb4e0880 Thread added: 0x0000019afb4e2bf0
Event: 282.794 Thread 0x0000019afb4e0880 Thread added: 0x0000019afb4e26e0
Event: 282.795 Thread 0x0000019afb4e0880 Thread added: 0x0000019afb4e3b20
Event: 282.836 Thread 0x0000019afb4e0880 Thread added: 0x0000019afb4e0370
Event: 282.922 Thread 0x0000019afb4e0880 Thread added: 0x0000019afb4e4030
Event: 282.982 Thread 0x0000019ad92418c0 Thread added: 0x0000019afd7a8370
Event: 283.036 Thread 0x0000019afb4e0880 Thread added: 0x0000019afb4e4540
Event: 283.185 Thread 0x0000019afb4e0880 Thread added: 0x0000019afb4e0d90
Event: 283.217 Thread 0x0000019afb4e0880 Thread added: 0x0000019afb4e4a50
Event: 283.229 Thread 0x0000019afd7a8370 Thread exited: 0x0000019afd7a8370
Event: 283.291 Thread 0x0000019afb4e0880 Thread added: 0x0000019afb4e12a0
Event: 284.056 Thread 0x0000019afb4e0880 Thread added: 0x0000019afb4e5470
Event: 284.057 Thread 0x0000019afb4e0880 Thread added: 0x0000019afb4e4f60
Event: 284.086 Thread 0x0000019afb4e0880 Thread added: 0x0000019afb4e68b0
Event: 284.089 Thread 0x0000019afb4e0880 Thread added: 0x0000019afb4e5e90
Event: 284.298 Thread 0x0000019ad92418c0 Thread added: 0x0000019afd7a88c0


Dynamic libraries:
0x00007ff6828f0000 - 0x00007ff6828fe000 	C:\Program Files\OpenLogic\jdk-17.0.14.7-hotspot\bin\java.exe
0x00007ffa957e0000 - 0x00007ffa95a46000 	C:\Windows\SYSTEM32\ntdll.dll
0x00007ffa947b0000 - 0x00007ffa94879000 	C:\Windows\System32\KERNEL32.DLL
0x00007ffa92d00000 - 0x00007ffa930cc000 	C:\Windows\System32\KERNELBASE.dll
0x00007ffa93210000 - 0x00007ffa9335b000 	C:\Windows\System32\ucrtbase.dll
0x00007ffa78bf0000 - 0x00007ffa78c07000 	C:\Program Files\OpenLogic\jdk-17.0.14.7-hotspot\bin\jli.dll
0x00007ffa94f30000 - 0x00007ffa950fa000 	C:\Windows\System32\USER32.dll
0x00007ffa92cd0000 - 0x00007ffa92cf7000 	C:\Windows\System32\win32u.dll
0x00007ffa7a6a0000 - 0x00007ffa7a6bb000 	C:\Program Files\OpenLogic\jdk-17.0.14.7-hotspot\bin\VCRUNTIME140.dll
0x00007ffa94680000 - 0x00007ffa946ab000 	C:\Windows\System32\GDI32.dll
0x00007ffa76b10000 - 0x00007ffa76daa000 	C:\Windows\WinSxS\amd64_microsoft.windows.common-controls_6595b64144ccf1df_6.0.26100.3912_none_3e07963ce335137e\COMCTL32.dll
0x00007ffa930d0000 - 0x00007ffa93202000 	C:\Windows\System32\gdi32full.dll
0x00007ffa95680000 - 0x00007ffa95729000 	C:\Windows\System32\msvcrt.dll
0x00007ffa92aa0000 - 0x00007ffa92b43000 	C:\Windows\System32\msvcp_win.dll
0x00007ffa937a0000 - 0x00007ffa937d0000 	C:\Windows\System32\IMM32.DLL
0x00007ffa7ac80000 - 0x00007ffa7ac8c000 	C:\Program Files\OpenLogic\jdk-17.0.14.7-hotspot\bin\vcruntime140_1.dll
0x00007ffa50fa0000 - 0x00007ffa5102d000 	C:\Program Files\OpenLogic\jdk-17.0.14.7-hotspot\bin\msvcp140.dll
0x00007ffa06c70000 - 0x00007ffa078dc000 	C:\Program Files\OpenLogic\jdk-17.0.14.7-hotspot\bin\server\jvm.dll
0x00007ffa95180000 - 0x00007ffa95232000 	C:\Windows\System32\ADVAPI32.dll
0x00007ffa936d0000 - 0x00007ffa93776000 	C:\Windows\System32\sechost.dll
0x00007ffa935b0000 - 0x00007ffa936c6000 	C:\Windows\System32\RPCRT4.dll
0x00007ffa94e20000 - 0x00007ffa94e94000 	C:\Windows\System32\WS2_32.dll
0x00007ffa927e0000 - 0x00007ffa9283e000 	C:\Windows\SYSTEM32\POWRPROF.dll
0x00007ffa85410000 - 0x00007ffa8541b000 	C:\Windows\SYSTEM32\VERSION.dll
0x00007ffa767a0000 - 0x00007ffa767d6000 	C:\Windows\SYSTEM32\WINMM.dll
0x00007ffa927c0000 - 0x00007ffa927d4000 	C:\Windows\SYSTEM32\UMPDC.dll
0x00007ffa916f0000 - 0x00007ffa9170a000 	C:\Windows\SYSTEM32\kernel.appcore.dll
0x00007ffa7a6f0000 - 0x00007ffa7a6fa000 	C:\Program Files\OpenLogic\jdk-17.0.14.7-hotspot\bin\jimage.dll
0x00007ffa90050000 - 0x00007ffa90291000 	C:\Windows\SYSTEM32\DBGHELP.DLL
0x00007ffa952d0000 - 0x00007ffa95654000 	C:\Windows\System32\combase.dll
0x00007ffa94ce0000 - 0x00007ffa94dc0000 	C:\Windows\System32\OLEAUT32.dll
0x00007ffa6e620000 - 0x00007ffa6e659000 	C:\Windows\SYSTEM32\dbgcore.DLL
0x00007ffa92970000 - 0x00007ffa92a09000 	C:\Windows\System32\bcryptPrimitives.dll
0x00007ffa74f40000 - 0x00007ffa74f4e000 	C:\Program Files\OpenLogic\jdk-17.0.14.7-hotspot\bin\instrument.dll
0x00007ffa6d7b0000 - 0x00007ffa6d7d5000 	C:\Program Files\OpenLogic\jdk-17.0.14.7-hotspot\bin\java.dll
0x00007ffa4fb20000 - 0x00007ffa4fbf6000 	C:\Program Files\OpenLogic\jdk-17.0.14.7-hotspot\bin\jsvml.dll
0x00007ffa93c70000 - 0x00007ffa9439d000 	C:\Windows\System32\SHELL32.dll
0x00007ffa93360000 - 0x00007ffa934d4000 	C:\Windows\System32\wintypes.dll
0x00007ffa905c0000 - 0x00007ffa90e16000 	C:\Windows\SYSTEM32\windows.storage.dll
0x00007ffa946b0000 - 0x00007ffa9479f000 	C:\Windows\System32\SHCORE.dll
0x00007ffa95730000 - 0x00007ffa95799000 	C:\Windows\System32\shlwapi.dll
0x00007ffa92880000 - 0x00007ffa928af000 	C:\Windows\SYSTEM32\profapi.dll
0x00007ffa717a0000 - 0x00007ffa717b8000 	C:\Program Files\OpenLogic\jdk-17.0.14.7-hotspot\bin\zip.dll
0x00007ffa77380000 - 0x00007ffa77399000 	C:\Program Files\OpenLogic\jdk-17.0.14.7-hotspot\bin\net.dll
0x00007ffa8a970000 - 0x00007ffa8aa8e000 	C:\Windows\SYSTEM32\WINHTTP.dll
0x00007ffa91c40000 - 0x00007ffa91caa000 	C:\Windows\system32\mswsock.dll
0x00007ffa76600000 - 0x00007ffa76616000 	C:\Program Files\OpenLogic\jdk-17.0.14.7-hotspot\bin\nio.dll
0x00007ffa7a1c0000 - 0x00007ffa7a1d0000 	C:\Program Files\OpenLogic\jdk-17.0.14.7-hotspot\bin\verify.dll
0x00007ffa6c810000 - 0x00007ffa6c837000 	C:\Users\Pcc\.gradle\native\1def1411415f61bf3af743bc5b6707747c0891f09f0c88961ee8f79bc544acac\windows-amd64\native-platform.dll
0x00007ffa5e760000 - 0x00007ffa5e7d8000 	C:\Users\Pcc\.gradle\native\0.2.7\x86_64-windows-gnu\gradle-fileevents.dll
0x00007ffa77bc0000 - 0x00007ffa77bc9000 	C:\Program Files\OpenLogic\jdk-17.0.14.7-hotspot\bin\management.dll
0x00007ffa769f0000 - 0x00007ffa769fb000 	C:\Program Files\OpenLogic\jdk-17.0.14.7-hotspot\bin\management_ext.dll
0x00007ffa94ea0000 - 0x00007ffa94ea8000 	C:\Windows\System32\PSAPI.DLL
0x00007ffa91160000 - 0x00007ffa91193000 	C:\Windows\SYSTEM32\IPHLPAPI.DLL
0x00007ffa935a0000 - 0x00007ffa935aa000 	C:\Windows\System32\NSI.dll
0x00007ffa8ac20000 - 0x00007ffa8ac3f000 	C:\Windows\SYSTEM32\dhcpcsvc6.DLL
0x00007ffa8a580000 - 0x00007ffa8a5a5000 	C:\Windows\SYSTEM32\dhcpcsvc.DLL
0x00007ffa91200000 - 0x00007ffa91327000 	C:\Windows\SYSTEM32\DNSAPI.dll
0x00007ffa75060000 - 0x00007ffa75068000 	C:\Program Files\OpenLogic\jdk-17.0.14.7-hotspot\bin\extnet.dll
0x00007ffa92000000 - 0x00007ffa9201c000 	C:\Windows\SYSTEM32\CRYPTSP.dll
0x00007ffa91650000 - 0x00007ffa9168a000 	C:\Windows\system32\rsaenh.dll
0x00007ffa91ce0000 - 0x00007ffa91d0b000 	C:\Windows\SYSTEM32\USERENV.dll
0x00007ffa92850000 - 0x00007ffa92876000 	C:\Windows\SYSTEM32\bcrypt.dll
0x00007ffa91e70000 - 0x00007ffa91e7c000 	C:\Windows\SYSTEM32\CRYPTBASE.dll
0x00007ffa8f3a0000 - 0x00007ffa8f3ae000 	C:\Program Files\OpenLogic\jdk-17.0.14.7-hotspot\bin\sunmscapi.dll
0x00007ffa92b50000 - 0x00007ffa92cc7000 	C:\Windows\System32\CRYPT32.dll
0x00007ffa92150000 - 0x00007ffa92180000 	C:\Windows\SYSTEM32\ncrypt.dll
0x00007ffa92100000 - 0x00007ffa9213f000 	C:\Windows\SYSTEM32\NTASN1.dll
0x00007ffa5d4f0000 - 0x00007ffa5d4f8000 	C:\Windows\system32\wshunix.dll
0x00007ffa7efc0000 - 0x00007ffa7efcb000 	C:\Windows\System32\rasadhlp.dll
0x00007ffa85850000 - 0x00007ffa858d6000 	C:\Windows\System32\fwpuclnt.dll
0x00007ffa1b9f0000 - 0x00007ffa1ba08000 	C:\Windows\system32\napinsp.dll
0x00007ffa1ba10000 - 0x00007ffa1ba22000 	C:\Windows\System32\winrnr.dll
0x00007ffa55dd0000 - 0x00007ffa55e00000 	C:\Windows\system32\nlansp_c.dll
0x00007ffa89c30000 - 0x00007ffa89c50000 	C:\Windows\system32\wshbth.dll
0x00007ffa8c3c0000 - 0x00007ffa8c3c7000 	C:\Program Files\OpenLogic\jdk-17.0.14.7-hotspot\bin\rmi.dll

dbghelp: loaded successfully - version: 4.0.5 - missing functions: none
symbol engine: initialized successfully - sym options: 0x614 - pdb path: .;C:\Program Files\OpenLogic\jdk-17.0.14.7-hotspot\bin;C:\Windows\SYSTEM32;C:\Windows\WinSxS\amd64_microsoft.windows.common-controls_6595b64144ccf1df_6.0.26100.3912_none_3e07963ce335137e;C:\Program Files\OpenLogic\jdk-17.0.14.7-hotspot\bin\server;C:\Users\Pcc\.gradle\native\1def1411415f61bf3af743bc5b6707747c0891f09f0c88961ee8f79bc544acac\windows-amd64;C:\Users\Pcc\.gradle\native\0.2.7\x86_64-windows-gnu

VM Arguments:
jvm_args: --add-opens=java.base/java.lang=ALL-UNNAMED --add-opens=java.base/java.lang.invoke=ALL-UNNAMED --add-opens=java.base/java.util=ALL-UNNAMED --add-opens=java.prefs/java.util.prefs=ALL-UNNAMED --add-exports=jdk.compiler/com.sun.tools.javac.api=ALL-UNNAMED --add-exports=jdk.compiler/com.sun.tools.javac.util=ALL-UNNAMED --add-opens=java.base/java.util=ALL-UNNAMED --add-opens=java.prefs/java.util.prefs=ALL-UNNAMED --add-opens=java.base/java.nio.charset=ALL-UNNAMED --add-opens=java.base/java.net=ALL-UNNAMED --add-opens=java.base/java.util.concurrent.atomic=ALL-UNNAMED --add-opens=java.xml/javax.xml.namespace=ALL-UNNAMED -XX:MaxMetaspaceSize=512m -Xmx2048m -Dfile.encoding=windows-1252 -Duser.country=IN -Duser.language=en -Duser.variant -javaagent:C:\Users\Pcc\.gradle\wrapper\dists\gradle-8.13-bin\5xuhj0ry160q40clulazy9h7d\gradle-8.13\lib\agents\gradle-instrumentation-agent-8.13.jar 
java_command: org.gradle.launcher.daemon.bootstrap.GradleDaemon 8.13
java_class_path (initial): C:\Users\Pcc\.gradle\wrapper\dists\gradle-8.13-bin\5xuhj0ry160q40clulazy9h7d\gradle-8.13\lib\gradle-daemon-main-8.13.jar
Launcher Type: SUN_STANDARD

[Global flags]
     intx CICompilerCount                          = 4                                         {product} {ergonomic}
   size_t CompressedClassSpaceSize                 = 436207616                                 {product} {ergonomic}
     uint ConcGCThreads                            = 2                                         {product} {ergonomic}
     uint G1ConcRefinementThreads                  = 8                                         {product} {ergonomic}
   size_t G1HeapRegionSize                         = 1048576                                   {product} {ergonomic}
    uintx GCDrainStackTargetSize                   = 64                                        {product} {ergonomic}
   size_t InitialHeapSize                          = 266338304                                 {product} {ergonomic}
   size_t MarkStackSize                            = 4194304                                   {product} {ergonomic}
   size_t MaxHeapSize                              = 2147483648                                {product} {command line}
   size_t MaxMetaspaceSize                         = 536870912                                 {product} {command line}
   size_t MaxNewSize                               = 1287651328                                {product} {ergonomic}
   size_t MinHeapDeltaBytes                        = 1048576                                   {product} {ergonomic}
   size_t MinHeapSize                              = 8388608                                   {product} {ergonomic}
    uintx NonNMethodCodeHeapSize                   = 5839372                                {pd product} {ergonomic}
    uintx NonProfiledCodeHeapSize                  = 122909434                              {pd product} {ergonomic}
    uintx ProfiledCodeHeapSize                     = 122909434                              {pd product} {ergonomic}
    uintx ReservedCodeCacheSize                    = 251658240                              {pd product} {ergonomic}
     bool SegmentedCodeCache                       = true                                      {product} {ergonomic}
   size_t SoftMaxHeapSize                          = 2147483648                             {manageable} {ergonomic}
     bool UseCompressedClassPointers               = true                           {product lp64_product} {ergonomic}
     bool UseCompressedOops                        = true                           {product lp64_product} {ergonomic}
     bool UseG1GC                                  = true                                      {product} {ergonomic}
     bool UseLargePagesIndividualAllocation        = false                                  {pd product} {ergonomic}

Logging:
Log output configuration:
 #0: stdout all=warning uptime,level,tags
 #1: stderr all=off uptime,level,tags

Environment Variables:
JAVA_HOME=C:\Program Files\OpenLogic\jdk-17.0.14.7-hotspot
CLASSPATH=C:\Users\Pcc\Documents\GitHub\Signyards-App\android\\gradle\wrapper\gradle-wrapper.jar
PATH=C:\Users\Pcc\Documents\GitHub\Signyards-App\node_modules\.bin;C:\Users\Pcc\Documents\GitHub\Signyards-App\node_modules\.bin;C:\Users\Pcc\Documents\GitHub\node_modules\.bin;C:\Users\Pcc\Documents\node_modules\.bin;C:\Users\Pcc\node_modules\.bin;C:\Users\node_modules\.bin;C:\node_modules\.bin;C:\Program Files\nodejs\node_modules\npm\node_modules\@npmcli\run-script\lib\node-gyp-bin;C:\Program Files\OpenLogic\jdk-17.0.14.7-hotspot\bin;C:\Program Files\OpenLogic\jdk-11.0.26.4-hotspot\bin;C:\Windows\system32;C:\Windows;C:\Windows\System32\Wbem;C:\Windows\System32\WindowsPowerShell\v1.0\;C:\Windows\System32\OpenSSH\;C:\Program Files\nodejs\;C:\Users\Pcc\AppData\Local\Android\Sdk;C:\Users\Pcc\AppData\Local\Android\Sdk\platform-tools;C:\Users\Pcc\AppData\Local\Programs\Microsoft VS Code;C:\Program Files\Git\cmd;C:\Users\Pcc\AppData\Local\Microsoft\WindowsApps;C:\Users\Pcc\AppData\Roaming\npm;C:\Users\Pcc\AppData\Local\Android\Sdk;C:\Users\Pcc\AppData\Local\Android\Sdk\build-tools;C:\Users\Pcc\AppData\Local\Android\Sdk\platform-tools;C:\Users\Pcc\AppData\Local\Android\Sdk\emulator;C:\Users\Pcc\AppData\Local\Programs\Microsoft VS Code;C:\Users\Pcc\AppData\Local\Programs\Microsoft VS Code\bin;C:\Users\Pcc\AppData\Local\GitHubDesktop\bin
USERNAME=Pcc
LANG=en_US.UTF-8
OS=Windows_NT
PROCESSOR_IDENTIFIER=Intel64 Family 6 Model 142 Stepping 12, GenuineIntel
TMP=C:\Users\Pcc\AppData\Local\Temp
TEMP=C:\Users\Pcc\AppData\Local\Temp



Periodic native trim disabled


---------------  S Y S T E M  ---------------

OS:
 Windows 11 , 64 bit Build 26100 (10.0.26100.3912)
OS uptime: 3 days 16:04 hours
Hyper-V role detected

CPU: total 8 (initial active 8) (4 cores per cpu, 2 threads per core) family 6 model 142 stepping 12 microcode 0xfc, cx8, cmov, fxsr, ht, mmx, 3dnowpref, sse, sse2, sse3, ssse3, sse4.1, sse4.2, popcnt, lzcnt, tsc, tscinvbit, avx, avx2, aes, erms, clmul, bmi1, bmi2, adx, fma, vzeroupper, clflush, clflushopt, hv
Processor Information for processor 0
  Max Mhz: 2112, Current Mhz: 1910, Mhz Limit: 1900
Processor Information for processor 1
  Max Mhz: 2112, Current Mhz: 1508, Mhz Limit: 1900
Processor Information for processor 2
  Max Mhz: 2112, Current Mhz: 1910, Mhz Limit: 1900
Processor Information for processor 3
  Max Mhz: 2112, Current Mhz: 1508, Mhz Limit: 1900
Processor Information for processor 4
  Max Mhz: 2112, Current Mhz: 1508, Mhz Limit: 1900
Processor Information for processor 5
  Max Mhz: 2112, Current Mhz: 1508, Mhz Limit: 1900
Processor Information for processor 6
  Max Mhz: 2112, Current Mhz: 1508, Mhz Limit: 1900
Processor Information for processor 7
  Max Mhz: 2112, Current Mhz: 1910, Mhz Limit: 1900

Memory: 4k page, system-wide physical 16190M (2667M free)
TotalPageFile size 19478M (AvailPageFile size 0M)
current process WorkingSet (physical memory assigned to process): 404M, peak: 443M
current process commit charge ("private bytes"): 442M, peak: 484M

vm_info: OpenJDK 64-Bit Server VM (17.0.14+7-adhoc..jdk17u) for windows-amd64 JRE (17.0.14+7-adhoc..jdk17u), built on Jan 22 2025 11:06:43 by "" with MS VC++ 16.10 / 16.11 (VS2019)

END.
